### ISSUE TITLE
variable declare

### ISSUE THREAD

**Issue by nixawk** [nixawk/gdb-game#2]
```
int main()
{
    int x = 1234;
    return 0;
}
```

```
>>> disassemble 
Dump of assembler code for function main:
   0x0000555555554660 <+0>:     push   rbp
   0x0000555555554661 <+1>:     mov    rbp,rsp
   0x0000555555554664 <+4>:     mov    DWORD PTR [rbp-0x4],0x4d2   # int x = 1234;
=> 0x000055555555466b <+11>:    mov    eax,0x0                     # return 0;
   0x0000555555554670 <+16>:    pop    rbp
   0x0000555555554671 <+17>:    ret    
End of assembler dump.

>>> p/x $rbp-4
$3 = 0x7fffffffdf0c

>>> p/x $rbp
$4 = 0x7fffffffdf10

>>> x/48xx $rbp-4
0x7fffffffdf0c: 0x000004d2  0x55554680  0x00005555  0xf7a303f1
0x7fffffffdf1c: 0x00007fff  0x00040000  0x00000000  0xffffdff8
0x7fffffffdf2c: 0x00007fff  0xf7b9a508  0x00000001  0x55554660
0x7fffffffdf3c: 0x00005555  0x00000000  0x00000000  0x9badf2a0
0x7fffffffdf4c: 0x15eda5d2  0x55554530  0x00005555  0xffffdff0
0x7fffffffdf5c: 0x00007fff  0x00000000  0x00000000  0x00000000
0x7fffffffdf6c: 0x00000000  0xa8edf2a0  0x40b8f087  0x11fff2a0
0x7fffffffdf7c: 0x40b8e03e  0x00000000  0x00000000  0x00000000
0x7fffffffdf8c: 0x00000000  0x00000000  0x00000000  0xffffe008
0x7fffffffdf9c: 0x00007fff  0xf7ffe168  0x00007fff  0xf7de7adb
0x7fffffffdfac: 0x00007fff  0x00000000  0x00000000  0x00000000
0x7fffffffdfbc: 0x00000000  0x55554530  0x00005555  0xffffdff0
>>> p 0x4d2
$2 = 1234
```

**Comment by nixawk** [comment]
```
int
main()
{
    char msg[] = "helloworld\n";
    return 0;
}
```


```
>>> disassemble 
Dump of assembler code for function main:
   0x00005555555546c0 <+0>:     push   rbp
   0x00005555555546c1 <+1>:     mov    rbp,rsp
   0x00005555555546c4 <+4>:     sub    rsp,0x20
   0x00005555555546c8 <+8>:     mov    rax,QWORD PTR fs:0x28
   0x00005555555546d1 <+17>:    mov    QWORD PTR [rbp-0x8],rax
   0x00005555555546d5 <+21>:    xor    eax,eax
   0x00005555555546d7 <+23>:    movabs rax,0x726f776f6c6c6568
   0x00005555555546e1 <+33>:    mov    QWORD PTR [rbp-0x14],rax
=> 0x00005555555546e5 <+37>:    mov    DWORD PTR [rbp-0xc],0xa646c
   0x00005555555546ec <+44>:    mov    eax,0x0
   0x00005555555546f1 <+49>:    mov    rdx,QWORD PTR [rbp-0x8]
   0x00005555555546f5 <+53>:    xor    rdx,QWORD PTR fs:0x28
   0x00005555555546fe <+62>:    je     0x555555554705 <main+69>
   0x0000555555554700 <+64>:    call   0x555555554580
   0x0000555555554705 <+69>:    leave  
   0x0000555555554706 <+70>:    ret    
End of assembler dump.
```

**Comment by nixawk** [comment]
```
int
main()
{
    float i = 12.3;
    return 0;
}
```

```
>>> disassemble 
Dump of assembler code for function main:
   0x0000555555554660 <+0>:	push   rbp
   0x0000555555554661 <+1>:	mov    rbp,rsp
   0x0000555555554664 <+4>:	movss  xmm0,DWORD PTR [rip+0x98]        # 0x555555554704
   0x000055555555466c <+12>:	movss  DWORD PTR [rbp-0x4],xmm0
=> 0x0000555555554671 <+17>:	mov    eax,0x0
   0x0000555555554676 <+22>:	pop    rbp
   0x0000555555554677 <+23>:	ret    
End of assembler dump.
```

**Comment by nixawk** [comment]
```
int
main()
{
    enum gnu {x, y} my_gnu;
    return 0;
}
```

```
>>> disassemble 
Dump of assembler code for function main:
   0x0000555555554660 <+0>:	push   rbp
   0x0000555555554661 <+1>:	mov    rbp,rsp
=> 0x0000555555554664 <+4>:	mov    eax,0x0
   0x0000555555554669 <+9>:	pop    rbp
   0x000055555555466a <+10>:	ret    
End of assembler dump.
```

**Comment by nixawk** [comment]
```
int
main()
{
    struct gnu
    {
        int x : 2;
	int y;
    };

    struct gnu my_gnu = {x: 2, y : 10};
    return 0;
}
```

```
>>> disassemble 
Dump of assembler code for function main:
   0x0000555555554660 <+0>:	push   rbp
   0x0000555555554661 <+1>:	mov    rbp,rsp
   0x0000555555554664 <+4>:	movzx  eax,BYTE PTR [rbp-0x8]
   0x0000555555554668 <+8>:	and    eax,0xfffffffc
   0x000055555555466b <+11>:	or     eax,0x2
   0x000055555555466e <+14>:	mov    BYTE PTR [rbp-0x8],al
   0x0000555555554671 <+17>:	mov    DWORD PTR [rbp-0x4],0xa
=> 0x0000555555554678 <+24>:	mov    eax,0x0
   0x000055555555467d <+29>:	pop    rbp
   0x000055555555467e <+30>:	ret    
End of assembler dump.
```

**Comment by nixawk** [comment]
```
int
main()
{
    union gnu {
        int x;
	int y;
    };

    union gnu my_gnu = { x : 1, y : 3 };
    return 0;
}
```

```
>>> disassemble
Dump of assembler code for function main:
   0x0000555555554660 <+0>:	push   rbp
   0x0000555555554661 <+1>:	mov    rbp,rsp
   0x0000555555554664 <+4>:	mov    DWORD PTR [rbp-0x4],0x3
=> 0x000055555555466b <+11>:	mov    eax,0x0
   0x0000555555554670 <+16>:	pop    rbp
   0x0000555555554671 <+17>:	ret    
End of assembler dump.
>>> x/d $rbp-0x4
0x7fffffffdf0c:	3
```
